[13:36:01] Watching extractor eval: runs/20260425_130912_extractor_eval
[13:36:01] Will auto-run bestdealbot eval re-run when summary.json appears.
[13:36:01] Progress: 774 metric rows logged
[13:37:01] Progress: 783 metric rows logged
[13:38:01] Progress: 793 metric rows logged
[13:39:01] Progress: 803 metric rows logged
[13:40:01] Progress: 813 metric rows logged
[13:41:01] Progress: 823 metric rows logged
[13:42:01] Progress: 833 metric rows logged
[13:43:01] Progress: 843 metric rows logged
[13:44:01] Progress: 853 metric rows logged
[13:45:01] Progress: 863 metric rows logged
[13:46:01] Progress: 873 metric rows logged
[13:47:01] Progress: 884 metric rows logged
[13:48:01] Progress: 894 metric rows logged
[13:49:01] Progress: 903 metric rows logged
[13:50:01] Progress: 913 metric rows logged
[13:51:01] Progress: 923 metric rows logged
[13:52:01] Progress: 932 metric rows logged
[13:53:02] Progress: 941 metric rows logged
[13:54:02] Progress: 950 metric rows logged
[13:55:02] Progress: 960 metric rows logged
[13:56:02] Progress: 969 metric rows logged
[13:57:02] Progress: 978 metric rows logged
[13:58:02] Progress: 987 metric rows logged
[13:59:02] Progress: 996 metric rows logged
[14:00:02] Extractor eval done. Summary:
{
  "rule_based": {
    "mean_abs_err_urgency": 0.1792,
    "mean_abs_err_confidence": 0.2753,
    "mean_abs_err_deception": 0.0195,
    "mean_firm_correct": 0.5399,
    "mean_deception_flagged": 0.0,
    "n": 500,
    "elapsed_s": 0.0
  },
  "ministral-3:3b": {
    "mean_abs_err_urgency": 0.2339,
    "mean_abs_err_confidence": 0.2859,
    "mean_abs_err_deception": 0.1261,
    "mean_firm_correct": 0.5297,
    "mean_deception_flagged": 0.3333,
    "n": 500,
    "elapsed_s": 3011.5
  },
  "deltas": {
    "delta_abs_err_urgency": 0.0547,
    "delta_abs_err_confidence": 0.010599999999999998,
    "delta_abs_err_deception": 0.10659999999999999,
    "delta_firm_correct": -0.010200000000000098,
    "delta_deception_flagged": 0.3333
  }
}[14:00:02] Stopping ministral to free VRAM ...
[?2026h[?25l[1G⠙ [K[?25h[?2026l[?25l[?2026h[?25l[1G[K[?25h[?2026l[2K[1G[?25h[14:00:05] Pre-warming bestdealbot ...
